This file contains any messages produced by compilers while
running configure, to aid debugging if configure makes a mistake.

It was created by configure, which was
generated by GNU Autoconf 2.63.  Invocation command line was

  $ /home/dinglin/文档/httpd-2.2.17/srclib/pcre/configure --disable-option-checking --prefix=/usr/local/httpd-2.2.x --enable-so --enable-rewrite --cache-file=/dev/null --srcdir=/home/dinglin/文档/httpd-2.2.17/srclib/pcre --prefix=/usr/local/httpd-2.2.x --exec-prefix=/usr/local/httpd-2.2.x --libdir=${prefix}/lib --includedir=/usr/local/httpd-2.2.x/include --bindir=${prefix}/bin

## --------- ##
## Platform. ##
## --------- ##

hostname = dinglin
uname -m = x86_64
uname -r = 3.2.0-23-generic
uname -s = Linux
uname -v = #36-Ubuntu SMP Tue Apr 10 20:39:51 UTC 2012

/usr/bin/uname -p = unknown
/bin/uname -X     = unknown

/bin/arch              = unknown
/usr/bin/arch -k       = unknown
/usr/convex/getsysinfo = unknown
/usr/bin/hostinfo      = unknown
/bin/machine           = unknown
/usr/bin/oslevel       = unknown
/bin/universe          = unknown

PATH: /usr/lib/lightdm/lightdm
PATH: /usr/local/sbin
PATH: /usr/local/bin
PATH: /usr/sbin
PATH: /usr/bin
PATH: /sbin
PATH: /bin
PATH: /usr/games


## ----------- ##
## Core tests. ##
## ----------- ##

configure:1884: checking for gcc
configure:1911: result: gcc
configure:2143: checking for C compiler version
configure:2151: gcc --version >&5
gcc (Ubuntu/Linaro 4.6.3-1ubuntu5) 4.6.3
Copyright (C) 2011 Free Software Foundation, Inc.
This is free software; see the source for copying conditions.  There is NO
warranty; not even for MERCHANTABILITY or FITNESS FOR A PARTICULAR PURPOSE.

configure:2155: $? = 0
configure:2162: gcc -v >&5
Using built-in specs.
COLLECT_GCC=gcc
COLLECT_LTO_WRAPPER=/usr/lib/gcc/x86_64-linux-gnu/4.6/lto-wrapper
Target: x86_64-linux-gnu
Configured with: ../src/configure -v --with-pkgversion='Ubuntu/Linaro 4.6.3-1ubuntu5' --with-bugurl=file:///usr/share/doc/gcc-4.6/README.Bugs --enable-languages=c,c++,fortran,objc,obj-c++ --prefix=/usr --program-suffix=-4.6 --enable-shared --enable-linker-build-id --with-system-zlib --libexecdir=/usr/lib --without-included-gettext --enable-threads=posix --with-gxx-include-dir=/usr/include/c++/4.6 --libdir=/usr/lib --enable-nls --with-sysroot=/ --enable-clocale=gnu --enable-libstdcxx-debug --enable-libstdcxx-time=yes --enable-gnu-unique-object --enable-plugin --enable-objc-gc --disable-werror --with-arch-32=i686 --with-tune=generic --enable-checking=release --build=x86_64-linux-gnu --host=x86_64-linux-gnu --target=x86_64-linux-gnu
Thread model: posix
gcc version 4.6.3 (Ubuntu/Linaro 4.6.3-1ubuntu5) 
configure:2166: $? = 0
configure:2173: gcc -V >&5
gcc: error: unrecognized option '-V'
gcc: fatal error: no input files
compilation terminated.
configure:2177: $? = 4
configure:2200: checking for C compiler default output file name
configure:2222: gcc    conftest.c  >&5
configure:2226: $? = 0
configure:2264: result: a.out
configure:2283: checking whether the C compiler works
configure:2293: ./a.out
configure:2297: $? = 0
configure:2316: result: yes
configure:2323: checking whether we are cross compiling
configure:2325: result: no
configure:2328: checking for suffix of executables
configure:2335: gcc -o conftest    conftest.c  >&5
configure:2339: $? = 0
configure:2365: result: 
configure:2371: checking for suffix of object files
configure:2397: gcc -c   conftest.c >&5
configure:2401: $? = 0
configure:2426: result: o
configure:2430: checking whether we are using the GNU C compiler
configure:2459: gcc -c   conftest.c >&5
configure:2466: $? = 0
configure:2483: result: yes
configure:2492: checking whether gcc accepts -g
configure:2522: gcc -c -g  conftest.c >&5
configure:2529: $? = 0
configure:2630: result: yes
configure:2647: checking for gcc option to accept ISO C89
configure:2721: gcc  -c -g -O2  conftest.c >&5
configure:2728: $? = 0
configure:2751: result: none needed
configure:2777: checking how to run the C preprocessor
configure:2895: result: gcc -E
configure:2924: gcc -E  conftest.c
configure:2931: $? = 0
configure:2962: gcc -E  conftest.c
conftest.c:8:28: fatal error: ac_nonexistent.h: No such file or directory
compilation terminated.
configure:2969: $? = 1
configure: failed program was:
| /* confdefs.h.  */
| #define PACKAGE_NAME ""
| #define PACKAGE_TARNAME ""
| #define PACKAGE_VERSION ""
| #define PACKAGE_STRING ""
| #define PACKAGE_BUGREPORT ""
| /* end confdefs.h.  */
| #include <ac_nonexistent.h>
configure:3009: checking for grep that handles long lines and -e
configure:3069: result: /bin/grep
configure:3074: checking for egrep
configure:3138: result: /bin/grep -E
configure:3143: checking for ANSI C header files
configure:3173: gcc -c -g -O2  conftest.c >&5
configure:3180: $? = 0
configure:3279: gcc -o conftest -g -O2   conftest.c  >&5
configure:3283: $? = 0
configure:3289: ./conftest
configure:3293: $? = 0
configure:3311: result: yes
configure:3335: checking for sys/types.h
configure:3356: gcc -c -g -O2  conftest.c >&5
configure:3363: $? = 0
configure:3380: result: yes
configure:3335: checking for sys/stat.h
configure:3356: gcc -c -g -O2  conftest.c >&5
configure:3363: $? = 0
configure:3380: result: yes
configure:3335: checking for stdlib.h
configure:3356: gcc -c -g -O2  conftest.c >&5
configure:3363: $? = 0
configure:3380: result: yes
configure:3335: checking for string.h
configure:3356: gcc -c -g -O2  conftest.c >&5
configure:3363: $? = 0
configure:3380: result: yes
configure:3335: checking for memory.h
configure:3356: gcc -c -g -O2  conftest.c >&5
configure:3363: $? = 0
configure:3380: result: yes
configure:3335: checking for strings.h
configure:3356: gcc -c -g -O2  conftest.c >&5
configure:3363: $? = 0
configure:3380: result: yes
configure:3335: checking for inttypes.h
configure:3356: gcc -c -g -O2  conftest.c >&5
configure:3363: $? = 0
configure:3380: result: yes
configure:3335: checking for stdint.h
configure:3356: gcc -c -g -O2  conftest.c >&5
configure:3363: $? = 0
configure:3380: result: yes
configure:3335: checking for unistd.h
configure:3356: gcc -c -g -O2  conftest.c >&5
configure:3363: $? = 0
configure:3380: result: yes
configure:3410: checking limits.h usability
configure:3427: gcc -c -g -O2  conftest.c >&5
configure:3434: $? = 0
configure:3448: result: yes
configure:3452: checking limits.h presence
configure:3467: gcc -E  conftest.c
configure:3474: $? = 0
configure:3488: result: yes
configure:3516: checking for limits.h
configure:3525: result: yes
configure:3542: checking for an ANSI C-conforming const
configure:3617: gcc -c -g -O2  conftest.c >&5
configure:3624: $? = 0
configure:3639: result: yes
configure:3649: checking for size_t
configure:3677: gcc -c -g -O2  conftest.c >&5
configure:3684: $? = 0
configure:3711: gcc -c -g -O2  conftest.c >&5
conftest.c: In function 'main':
conftest.c:55:21: error: expected expression before ')' token
configure:3718: $? = 1
configure: failed program was:
| /* confdefs.h.  */
| #define PACKAGE_NAME ""
| #define PACKAGE_TARNAME ""
| #define PACKAGE_VERSION ""
| #define PACKAGE_STRING ""
| #define PACKAGE_BUGREPORT ""
| #define STDC_HEADERS 1
| #define HAVE_SYS_TYPES_H 1
| #define HAVE_SYS_STAT_H 1
| #define HAVE_STDLIB_H 1
| #define HAVE_STRING_H 1
| #define HAVE_MEMORY_H 1
| #define HAVE_STRINGS_H 1
| #define HAVE_INTTYPES_H 1
| #define HAVE_STDINT_H 1
| #define HAVE_UNISTD_H 1
| #define HAVE_LIMITS_H 1
| /* end confdefs.h.  */
| #include <stdio.h>
| #ifdef HAVE_SYS_TYPES_H
| # include <sys/types.h>
| #endif
| #ifdef HAVE_SYS_STAT_H
| # include <sys/stat.h>
| #endif
| #ifdef STDC_HEADERS
| # include <stdlib.h>
| # include <stddef.h>
| #else
| # ifdef HAVE_STDLIB_H
| #  include <stdlib.h>
| # endif
| #endif
| #ifdef HAVE_STRING_H
| # if !defined STDC_HEADERS && defined HAVE_MEMORY_H
| #  include <memory.h>
| # endif
| # include <string.h>
| #endif
| #ifdef HAVE_STRINGS_H
| # include <strings.h>
| #endif
| #ifdef HAVE_INTTYPES_H
| # include <inttypes.h>
| #endif
| #ifdef HAVE_STDINT_H
| # include <stdint.h>
| #endif
| #ifdef HAVE_UNISTD_H
| # include <unistd.h>
| #endif
| int
| main ()
| {
| if (sizeof ((size_t)))
| 	  return 0;
|   ;
|   return 0;
| }
configure:3741: result: yes
configure:3761: checking for bcopy
configure:3817: gcc -o conftest -g -O2   conftest.c  >&5
conftest.c:42:6: warning: conflicting types for built-in function 'bcopy' [enabled by default]
configure:3824: $? = 0
configure:3846: result: yes
configure:3761: checking for memmove
configure:3817: gcc -o conftest -g -O2   conftest.c  >&5
conftest.c:43:6: warning: conflicting types for built-in function 'memmove' [enabled by default]
configure:3824: $? = 0
configure:3846: result: yes
configure:3761: checking for strerror
configure:3817: gcc -o conftest -g -O2   conftest.c  >&5
configure:3824: $? = 0
configure:3846: result: yes
configure:4104: creating ./config.status

## ---------------------- ##
## Running config.status. ##
## ---------------------- ##

This file was extended by config.status, which was
generated by GNU Autoconf 2.63.  Invocation command line was

  CONFIG_FILES    = 
  CONFIG_HEADERS  = 
  CONFIG_LINKS    = 
  CONFIG_COMMANDS = 
  $ ./config.status 

on dinglin

config.status:755: creating Makefile
config.status:755: creating pcre.h
config.status:755: creating pcre-config
config.status:755: creating config.h
config.status:984: executing default commands

## ---------------- ##
## Cache variables. ##
## ---------------- ##

ac_cv_c_compiler_gnu=yes
ac_cv_c_const=yes
ac_cv_env_CC_set=set
ac_cv_env_CC_value=gcc
ac_cv_env_CFLAGS_set=
ac_cv_env_CFLAGS_value=
ac_cv_env_CPPFLAGS_set=
ac_cv_env_CPPFLAGS_value=
ac_cv_env_CPP_set=set
ac_cv_env_CPP_value='gcc -E'
ac_cv_env_LDFLAGS_set=
ac_cv_env_LDFLAGS_value=
ac_cv_env_LIBS_set=
ac_cv_env_LIBS_value=
ac_cv_env_build_alias_set=
ac_cv_env_build_alias_value=
ac_cv_env_host_alias_set=
ac_cv_env_host_alias_value=
ac_cv_env_target_alias_set=
ac_cv_env_target_alias_value=
ac_cv_func_bcopy=yes
ac_cv_func_memmove=yes
ac_cv_func_strerror=yes
ac_cv_header_inttypes_h=yes
ac_cv_header_limits_h=yes
ac_cv_header_memory_h=yes
ac_cv_header_stdc=yes
ac_cv_header_stdint_h=yes
ac_cv_header_stdlib_h=yes
ac_cv_header_string_h=yes
ac_cv_header_strings_h=yes
ac_cv_header_sys_stat_h=yes
ac_cv_header_sys_types_h=yes
ac_cv_header_unistd_h=yes
ac_cv_objext=o
ac_cv_path_EGREP='/bin/grep -E'
ac_cv_path_GREP=/bin/grep
ac_cv_prog_CPP='gcc -E'
ac_cv_prog_ac_ct_CC=gcc
ac_cv_prog_cc_c89=
ac_cv_prog_cc_g=yes
ac_cv_type_size_t=yes

## ----------------- ##
## Output variables. ##
## ----------------- ##

BUILD_EXEEXT=''
BUILD_OBJEXT=''
CC='gcc'
CC_FOR_BUILD=''
CFLAGS='-g -O2'
CFLAGS_FOR_BUILD=''
CPP='gcc -E'
CPPFLAGS=''
DEFS='-DHAVE_CONFIG_H'
EBCDIC=''
ECHO_C=''
ECHO_N='-n'
ECHO_T=''
EGREP='/bin/grep -E'
EXEEXT=''
GREP='/bin/grep'
HAVE_MEMMOVE=''
HAVE_STRERROR=''
LDFLAGS=''
LIBOBJS=''
LIBS=''
LIBSUFFIX='la'
LIBTOOL='./libtool'
LINK_SIZE=''
LTLIBOBJS=''
MATCH_LIMIT=''
NEWLINE=''
NO_RECURSE=''
OBJEXT='o'
PACKAGE_BUGREPORT=''
PACKAGE_NAME=''
PACKAGE_STRING=''
PACKAGE_TARNAME=''
PACKAGE_VERSION=''
PATH_SEPARATOR=':'
PCRE_DATE='13-Sep-2004'
PCRE_LIB_VERSION='0:1:0'
PCRE_MAJOR='5'
PCRE_MINOR='0'
PCRE_POSIXLIB_VERSION='0:0:0'
PCRE_VERSION='5.0'
POSIX_MALLOC_THRESHOLD='-DPOSIX_MALLOC_THRESHOLD=10'
SHELL='/bin/bash'
UCP=''
UTF8=''
ac_ct_CC='gcc'
bindir='${prefix}/bin'
build_alias=''
datadir='${datarootdir}'
datarootdir='${prefix}/share'
docdir='${datarootdir}/doc/${PACKAGE}'
dvidir='${docdir}'
exec_prefix='/usr/local/httpd-2.2.x'
host_alias=''
htmldir='${docdir}'
includedir='/usr/local/httpd-2.2.x/include'
infodir='${datarootdir}/info'
libdir='${prefix}/lib'
libexecdir='${exec_prefix}/libexec'
localedir='${datarootdir}/locale'
localstatedir='${prefix}/var'
mandir='${datarootdir}/man'
oldincludedir='/usr/include'
pdfdir='${docdir}'
prefix='/usr/local/httpd-2.2.x'
program_transform_name='s,x,x,'
psdir='${docdir}'
sbindir='${exec_prefix}/sbin'
sharedstatedir='${prefix}/com'
sysconfdir='${prefix}/etc'
target_alias=''

## ----------- ##
## confdefs.h. ##
## ----------- ##

#define PACKAGE_NAME ""
#define PACKAGE_TARNAME ""
#define PACKAGE_VERSION ""
#define PACKAGE_STRING ""
#define PACKAGE_BUGREPORT ""
#define STDC_HEADERS 1
#define HAVE_SYS_TYPES_H 1
#define HAVE_SYS_STAT_H 1
#define HAVE_STDLIB_H 1
#define HAVE_STRING_H 1
#define HAVE_MEMORY_H 1
#define HAVE_STRINGS_H 1
#define HAVE_INTTYPES_H 1
#define HAVE_STDINT_H 1
#define HAVE_UNISTD_H 1
#define HAVE_LIMITS_H 1
#define HAVE_BCOPY 1
#define HAVE_MEMMOVE 1
#define HAVE_STRERROR 1

configure: exit 0
